<?xml version="1.0" encoding="utf-8"?><testsuites name="pytest tests"><testsuite name="pytest" errors="0" failures="0" skipped="0" tests="20" time="4.056" timestamp="2026-05-03T01:47:01.817015+00:00" hostname="agent-env-c5bcb7dd-707d-47eb-9537-9b7d92105587"><testcase classname="backend.tests.test_iteration_8.TestLeaderboard" name="test_leaderboard_public_no_auth_profit" time="0.166" /><testcase classname="backend.tests.test_iteration_8.TestLeaderboard" name="test_leaderboard_public_no_auth_cards" time="0.112" /><testcase classname="backend.tests.test_iteration_8.TestLeaderboard" name="test_leaderboard_excludes_objectid" time="0.125" /><testcase classname="backend.tests.test_iteration_8.TestLeaderboardPrefs" name="test_update_prefs_opt_out_and_persist" time="0.709" /><testcase classname="backend.tests.test_iteration_8.TestLeaderboardPrefs" name="test_prefs_unauth" time="0.108" /><testcase classname="backend.tests.test_iteration_8.TestReferral" name="test_get_referral" time="0.113" /><testcase classname="backend.tests.test_iteration_8.TestReferral" name="test_referral_unauth" time="0.107" /><testcase classname="backend.tests.test_iteration_8.TestReferral" name="test_register_with_referral_code_success" time="0.567" /><testcase classname="backend.tests.test_iteration_8.TestReferral" name="test_register_with_invalid_referral_code_still_succeeds" time="0.348" /><testcase classname="backend.tests.test_iteration_8.TestMonthlyGoal" name="test_set_and_get_goal" time="0.207" /><testcase classname="backend.tests.test_iteration_8.TestMonthlyGoal" name="test_set_null_goal_disables" time="0.205" /><testcase classname="backend.tests.test_iteration_8.TestMonthlyGoal" name="test_goal_unauth" time="0.105" /><testcase classname="backend.tests.test_iteration_8.TestYearRecap" name="test_year_recap_default_year" time="0.104" /><testcase classname="backend.tests.test_iteration_8.TestYearRecap" name="test_year_recap_specific_year" time="0.124" /><testcase classname="backend.tests.test_iteration_8.TestYearRecap" name="test_year_recap_invalid" time="0.220" /><testcase classname="backend.tests.test_iteration_8.TestBillingMeAnnualPro" name="test_has_is_annual_pro" time="0.106" /><testcase classname="backend.tests.test_iteration_8.TestRegression" name="test_auth_me" time="0.129" /><testcase classname="backend.tests.test_iteration_8.TestRegression" name="test_cards_list" time="0.117" /><testcase classname="backend.tests.test_iteration_8.TestRegression" name="test_stats" time="0.108" /><testcase classname="backend.tests.test_iteration_8.TestRegression" name="test_watchlist" time="0.107" /></testsuite></testsuites>