<?xml version="1.0" encoding="utf-8"?><testsuites name="pytest tests"><testsuite name="pytest" errors="0" failures="0" skipped="0" tests="9" time="4.515" timestamp="2026-05-03T02:18:50.267523+00:00" hostname="agent-env-c5bcb7dd-707d-47eb-9537-9b7d92105587"><testcase classname="backend.tests.test_iteration_9.TestBulkDeleteAuth" name="test_unauth_returns_401" time="0.189" /><testcase classname="backend.tests.test_iteration_9.TestBulkDeleteValidation" name="test_empty_array_400" time="0.441" /><testcase classname="backend.tests.test_iteration_9.TestBulkDeleteValidation" name="test_too_many_400" time="0.160" /><testcase classname="backend.tests.test_iteration_9.TestBulkDeleteValidation" name="test_missing_body_422" time="0.128" /><testcase classname="backend.tests.test_iteration_9.TestBulkDeleteBehavior" name="test_bulk_delete_only_owned_cards" time="0.483" /><testcase classname="backend.tests.test_iteration_9.TestBulkDeleteBehavior" name="test_bulk_delete_does_not_affect_other_users_cards" time="0.988" /><testcase classname="backend.tests.test_iteration_9.TestBulkDeleteBehavior" name="test_bulk_delete_all_non_existent_returns_zero" time="0.113" /><testcase classname="backend.tests.test_iteration_9.TestRegressions" name="test_single_delete_still_works" time="0.328" /><testcase classname="backend.tests.test_iteration_9.TestRegressions" name="test_list_cards_still_works" time="0.109" /></testsuite></testsuites>