<?xml version="1.0" encoding="utf-8"?><testsuites name="pytest tests"><testsuite name="pytest" errors="0" failures="0" skipped="0" tests="6" time="1.644" timestamp="2026-05-03T03:40:22.933833+00:00" hostname="agent-env-c5bcb7dd-707d-47eb-9537-9b7d92105587"><testcase classname="backend.tests.test_iteration_10.TestLeaderboard" name="test_leaderboard_profit_shape" time="0.313" /><testcase classname="backend.tests.test_iteration_10.TestLeaderboard" name="test_leaderboard_cards_shape" time="0.124" /><testcase classname="backend.tests.test_iteration_10.TestLeaderboard" name="test_leaderboard_metric_switch_no_nulls_on_cards" time="0.128" /><testcase classname="backend.tests.test_iteration_10.TestLeaderboard" name="test_leaderboard_invalid_metric" time="0.116" /><testcase classname="backend.tests.test_iteration_10.TestCsvImport" name="test_import_csv_multipart_accepted" time="0.801" /><testcase classname="backend.tests.test_iteration_10.TestCsvImport" name="test_import_csv_requires_auth" time="0.101" /></testsuite></testsuites>