<?xml version="1.0" encoding="utf-8"?><testsuites name="pytest tests"><testsuite name="pytest" errors="0" failures="0" skipped="0" tests="11" time="5.610" timestamp="2026-05-02T02:15:16.078243+00:00" hostname="agent-env-c5bcb7dd-707d-47eb-9537-9b7d92105587"><testcase classname="backend.tests.test_iteration_5" name="test_create_card_with_graded_condition" time="0.869" /><testcase classname="backend.tests.test_iteration_5" name="test_create_card_raw_no_grade" time="0.271" /><testcase classname="backend.tests.test_iteration_5" name="test_update_card_condition_and_grade" time="0.471" /><testcase classname="backend.tests.test_iteration_5" name="test_list_cards_filter_by_condition" time="0.552" /><testcase classname="backend.tests.test_iteration_5" name="test_best_flip_all_time" time="0.357" /><testcase classname="backend.tests.test_iteration_5" name="test_best_flip_default_30d" time="0.441" /><testcase classname="backend.tests.test_iteration_5" name="test_best_flip_since_query_variants" time="0.506" /><testcase classname="backend.tests.test_iteration_5" name="test_best_flip_empty_user" time="0.470" /><testcase classname="backend.tests.test_iteration_5" name="test_csv_export_has_condition_and_grade" time="0.404" /><testcase classname="backend.tests.test_iteration_5" name="test_csv_import_condition_grade" time="0.546" /><testcase classname="backend.tests.test_iteration_5" name="test_regression_smoke" time="0.663" /></testsuite></testsuites>