<?xml version="1.0" encoding="utf-8"?><testsuites name="pytest tests"><testsuite name="pytest" errors="0" failures="0" skipped="1" tests="15" time="17.366" timestamp="2026-05-02T00:36:07.473700+00:00" hostname="agent-env-c5bcb7dd-707d-47eb-9537-9b7d92105587"><testcase classname="backend.tests.test_iteration_4" name="test_add_additional_image_append" time="3.246" /><testcase classname="backend.tests.test_iteration_4" name="test_set_primary_image_swaps" time="0.861" /><testcase classname="backend.tests.test_iteration_4" name="test_set_primary_unknown_path_400" time="1.893" /><testcase classname="backend.tests.test_iteration_4" name="test_delete_specific_additional_image" time="0.900" /><testcase classname="backend.tests.test_iteration_4" name="test_delete_primary_image_clears_it" time="0.717" /><testcase classname="backend.tests.test_iteration_4" name="test_share_create_and_revoke" time="1.070" /><testcase classname="backend.tests.test_iteration_4" name="test_public_card_sanitized" time="0.672" /><testcase classname="backend.tests.test_iteration_4" name="test_public_card_bad_token_404" time="0.112" /><testcase classname="backend.tests.test_iteration_4" name="test_public_vault_toggle" time="0.671" /><testcase classname="backend.tests.test_iteration_4" name="test_public_image_serves_authorized_path" time="0.770" /><testcase classname="backend.tests.test_iteration_4" name="test_public_image_rejects_unrelated_path" time="1.130" /><testcase classname="backend.tests.test_iteration_4" name="test_public_image_bogus_path_404" time="0.726" /><testcase classname="backend.tests.test_iteration_4" name="test_share_access_isolation" time="0.924" /><testcase classname="backend.tests.test_iteration_4" name="test_ai_estimate_returns_ranges" time="3.458"><skipped type="pytest.skip" message="Claude returned non-JSON; acceptable per spec">/app/backend/tests/test_iteration_4.py:243: Claude returned non-JSON; acceptable per spec</skipped></testcase><testcase classname="backend.tests.test_iteration_4" name="test_ai_estimate_404_unknown_item" time="0.116" /></testsuite></testsuites>