<?xml version="1.0" encoding="utf-8"?><testsuites name="pytest tests"><testsuite name="pytest" errors="0" failures="0" skipped="0" tests="36" time="12.857" timestamp="2026-05-02T00:36:41.010896+00:00" hostname="agent-env-c5bcb7dd-707d-47eb-9537-9b7d92105587"><testcase classname="backend.tests.backend_test" name="test_root" time="0.153" /><testcase classname="backend.tests.backend_test" name="test_auth_me" time="0.429" /><testcase classname="backend.tests.backend_test" name="test_auth_me_no_token" time="0.110" /><testcase classname="backend.tests.backend_test" name="test_login_invalid" time="0.331" /><testcase classname="backend.tests.backend_test" name="test_register_duplicate" time="0.051" /><testcase classname="backend.tests.backend_test" name="test_create_and_get_card" time="0.216" /><testcase classname="backend.tests.backend_test" name="test_list_cards" time="0.105" /><testcase classname="backend.tests.backend_test" name="test_search_filter" time="0.343" /><testcase classname="backend.tests.backend_test" name="test_update_card" time="0.244" /><testcase classname="backend.tests.backend_test" name="test_stats" time="0.112" /><testcase classname="backend.tests.backend_test" name="test_export_csv" time="0.111" /><testcase classname="backend.tests.backend_test" name="test_user_isolation" time="0.513" /><testcase classname="backend.tests.backend_test" name="test_image_upload_and_serve" time="0.714" /><testcase classname="backend.tests.backend_test" name="test_delete_card" time="0.333" /><testcase classname="backend.tests.backend_test" name="test_create_with_dates" time="0.347" /><testcase classname="backend.tests.backend_test" name="test_quick_sell" time="0.409" /><testcase classname="backend.tests.backend_test" name="test_quick_sell_with_explicit_date" time="0.341" /><testcase classname="backend.tests.backend_test" name="test_quick_sell_not_found" time="0.121" /><testcase classname="backend.tests.backend_test" name="test_stats_since" time="0.476" /><testcase classname="backend.tests.backend_test" name="test_timeseries" time="0.104" /><testcase classname="backend.tests.backend_test" name="test_timeseries_custom_months" time="0.115" /><testcase classname="backend.tests.backend_test" name="test_import_csv" time="0.431" /><testcase classname="backend.tests.backend_test" name="test_import_csv_with_underscore_headers" time="0.388" /><testcase classname="backend.tests.backend_test" name="test_import_csv_skips_invalid" time="0.360" /><testcase classname="backend.tests.backend_test" name="test_import_rejects_non_csv" time="0.110" /><testcase classname="backend.tests.backend_test" name="test_export_csv_has_date_columns" time="0.122" /><testcase classname="backend.tests.backend_test" name="test_create_card_with_sport_and_tags" time="0.430" /><testcase classname="backend.tests.backend_test" name="test_filter_by_tag_and_sport_and_search" time="0.889" /><testcase classname="backend.tests.backend_test" name="test_tags_aggregation" time="0.536" /><testcase classname="backend.tests.backend_test" name="test_export_csv_has_sport_tags" time="0.105" /><testcase classname="backend.tests.backend_test" name="test_import_csv_with_sport_tags" time="0.327" /><testcase classname="backend.tests.backend_test" name="test_watchlist_crud" time="0.661" /><testcase classname="backend.tests.backend_test" name="test_watchlist_acquire_flow" time="0.900" /><testcase classname="backend.tests.backend_test" name="test_watchlist_user_isolation" time="0.659" /><testcase classname="backend.tests.backend_test" name="test_patch_user_me" time="0.467" /><testcase classname="backend.tests.backend_test" name="test_upload_avatar" time="0.714" /></testsuite></testsuites>