<?xml version="1.0" encoding="utf-8"?><testsuites name="pytest tests"><testsuite name="pytest" errors="0" failures="0" skipped="0" tests="15" time="1.720" timestamp="2026-05-03T14:34:22.133797+00:00" hostname="agent-env-c5bcb7dd-707d-47eb-9537-9b7d92105587"><testcase classname="backend.tests.test_iteration_11.TestAuthMeIsAdmin" name="test_me_demo_is_admin_true" time="0.435" /><testcase classname="backend.tests.test_iteration_11.TestAuthMeIsAdmin" name="test_me_new_user_is_admin_false" time="0.319" /><testcase classname="backend.tests.test_iteration_11.TestAdminOverviewGating" name="test_unauth_returns_401_or_403" time="0.051" /><testcase classname="backend.tests.test_iteration_11.TestAdminOverviewGating" name="test_non_admin_returns_403" time="0.048" /><testcase classname="backend.tests.test_iteration_11.TestAdminOverviewGating" name="test_admin_returns_200" time="0.063" /><testcase classname="backend.tests.test_iteration_11.TestAdminOverviewShape" name="test_top_level_keys" time="0.065" /><testcase classname="backend.tests.test_iteration_11.TestAdminOverviewShape" name="test_users_section" time="0.000" /><testcase classname="backend.tests.test_iteration_11.TestAdminOverviewShape" name="test_monetization_section" time="0.000" /><testcase classname="backend.tests.test_iteration_11.TestAdminOverviewShape" name="test_engagement_section" time="0.000" /><testcase classname="backend.tests.test_iteration_11.TestAdminOverviewShape" name="test_beta_section" time="0.000" /><testcase classname="backend.tests.test_iteration_11.TestAdminOverviewShape" name="test_referrals_section" time="0.000" /><testcase classname="backend.tests.test_iteration_11.TestAiScansCounter" name="test_ai_scans_total_increments_on_insert" time="0.503" /><testcase classname="backend.tests.test_iteration_11.TestRegression" name="test_auth_me_200" time="0.048" /><testcase classname="backend.tests.test_iteration_11.TestRegression" name="test_billing_me_200" time="0.050" /><testcase classname="backend.tests.test_iteration_11.TestRegression" name="test_scan_image_endpoint_exists_and_requires_auth" time="0.050" /></testsuite></testsuites>