<?xml version="1.0" encoding="utf-8"?><testsuites name="pytest tests"><testsuite name="pytest" errors="0" failures="1" skipped="0" tests="24" time="5.519" timestamp="2026-05-02T02:58:33.285194+00:00" hostname="agent-env-c5bcb7dd-707d-47eb-9537-9b7d92105587"><testcase classname="backend.tests.test_iteration_7.TestBillingMe" name="test_billing_me_shape" time="0.739" /><testcase classname="backend.tests.test_iteration_7.TestBillingMe" name="test_billing_me_unauth" time="0.139" /><testcase classname="backend.tests.test_iteration_7.TestCheckout" name="test_checkout_invalid_package" time="0.097" /><testcase classname="backend.tests.test_iteration_7.TestCheckout" name="test_checkout_valid_package_returns_url_and_session" time="0.818" /><testcase classname="backend.tests.test_iteration_7.TestCheckout" name="test_checkout_unauth" time="0.118" /><testcase classname="backend.tests.test_iteration_7.TestBillingStatus" name="test_status_nonexistent" time="0.111" /><testcase classname="backend.tests.test_iteration_7.TestBillingStatus" name="test_status_initiated_session" time="0.797"><failure message="AssertionError: Internal Server Error&#10;assert 500 == 200&#10; +  where 500 = &lt;Response [500]&gt;.status_code">backend/tests/test_iteration_7.py:122: in test_status_initiated_session
    assert r.status_code == 200, r.text
E   AssertionError: Internal Server Error
E   assert 500 == 200
E    +  where 500 = &lt;Response [500]&gt;.status_code</failure></testcase><testcase classname="backend.tests.test_iteration_7.TestBillingStatus" name="test_status_idempotent_when_paid" time="0.244" /><testcase classname="backend.tests.test_iteration_7.TestWebhook" name="test_webhook_bad_sig_does_not_crash" time="0.104" /><testcase classname="backend.tests.test_iteration_7.TestWebhook" name="test_webhook_missing_sig" time="0.111" /><testcase classname="backend.tests.test_iteration_7.TestProGating" name="test_export_csv_402_for_non_pro" time="0.135" /><testcase classname="backend.tests.test_iteration_7.TestProGating" name="test_export_csv_200_for_pro" time="0.106" /><testcase classname="backend.tests.test_iteration_7.TestProGating" name="test_import_402_for_non_pro" time="0.111" /><testcase classname="backend.tests.test_iteration_7.TestProGating" name="test_import_200_for_pro" time="0.105" /><testcase classname="backend.tests.test_iteration_7.TestProGating" name="test_tax_export_402_for_non_pro" time="0.151" /><testcase classname="backend.tests.test_iteration_7.TestTaxExport" name="test_tax_csv_format_and_terms" time="0.128" /><testcase classname="backend.tests.test_iteration_7.TestTaxExport" name="test_tax_csv_year_filter" time="0.121" /><testcase classname="backend.tests.test_iteration_7.TestRegression" name="test_auth_me" time="0.126" /><testcase classname="backend.tests.test_iteration_7.TestRegression" name="test_cards_list" time="0.107" /><testcase classname="backend.tests.test_iteration_7.TestRegression" name="test_stats" time="0.119" /><testcase classname="backend.tests.test_iteration_7.TestRegression" name="test_timeseries" time="0.118" /><testcase classname="backend.tests.test_iteration_7.TestRegression" name="test_best_flip" time="0.128" /><testcase classname="backend.tests.test_iteration_7.TestRegression" name="test_watchlist" time="0.104" /><testcase classname="backend.tests.test_iteration_7.TestRegression" name="test_card_crud" time="0.480" /></testsuite></testsuites>