<?xml version="1.0" encoding="utf-8"?><testsuites name="pytest tests"><testsuite name="pytest" errors="0" failures="0" skipped="0" tests="36" time="15.048" timestamp="2026-05-02T00:17:59.453008+00:00" hostname="agent-env-c5bcb7dd-707d-47eb-9537-9b7d92105587"><testcase classname="backend.tests.backend_test" name="test_root" time="0.261" /><testcase classname="backend.tests.backend_test" name="test_auth_me" time="0.496" /><testcase classname="backend.tests.backend_test" name="test_auth_me_no_token" time="0.130" /><testcase classname="backend.tests.backend_test" name="test_login_invalid" time="0.333" /><testcase classname="backend.tests.backend_test" name="test_register_duplicate" time="0.062" /><testcase classname="backend.tests.backend_test" name="test_create_and_get_card" time="0.231" /><testcase classname="backend.tests.backend_test" name="test_list_cards" time="1.889" /><testcase classname="backend.tests.backend_test" name="test_search_filter" time="0.343" /><testcase classname="backend.tests.backend_test" name="test_update_card" time="0.260" /><testcase classname="backend.tests.backend_test" name="test_stats" time="0.129" /><testcase classname="backend.tests.backend_test" name="test_export_csv" time="0.112" /><testcase classname="backend.tests.backend_test" name="test_user_isolation" time="0.548" /><testcase classname="backend.tests.backend_test" name="test_image_upload_and_serve" time="0.995" /><testcase classname="backend.tests.backend_test" name="test_delete_card" time="0.332" /><testcase classname="backend.tests.backend_test" name="test_create_with_dates" time="0.316" /><testcase classname="backend.tests.backend_test" name="test_quick_sell" time="0.469" /><testcase classname="backend.tests.backend_test" name="test_quick_sell_with_explicit_date" time="0.349" /><testcase classname="backend.tests.backend_test" name="test_quick_sell_not_found" time="0.102" /><testcase classname="backend.tests.backend_test" name="test_stats_since" time="0.504" /><testcase classname="backend.tests.backend_test" name="test_timeseries" time="0.119" /><testcase classname="backend.tests.backend_test" name="test_timeseries_custom_months" time="0.129" /><testcase classname="backend.tests.backend_test" name="test_import_csv" time="0.473" /><testcase classname="backend.tests.backend_test" name="test_import_csv_with_underscore_headers" time="0.337" /><testcase classname="backend.tests.backend_test" name="test_import_csv_skips_invalid" time="0.344" /><testcase classname="backend.tests.backend_test" name="test_import_rejects_non_csv" time="0.121" /><testcase classname="backend.tests.backend_test" name="test_export_csv_has_date_columns" time="0.141" /><testcase classname="backend.tests.backend_test" name="test_create_card_with_sport_and_tags" time="0.419" /><testcase classname="backend.tests.backend_test" name="test_filter_by_tag_and_sport_and_search" time="1.016" /><testcase classname="backend.tests.backend_test" name="test_tags_aggregation" time="0.582" /><testcase classname="backend.tests.backend_test" name="test_export_csv_has_sport_tags" time="0.123" /><testcase classname="backend.tests.backend_test" name="test_import_csv_with_sport_tags" time="0.317" /><testcase classname="backend.tests.backend_test" name="test_watchlist_crud" time="0.637" /><testcase classname="backend.tests.backend_test" name="test_watchlist_acquire_flow" time="0.479" /><testcase classname="backend.tests.backend_test" name="test_watchlist_user_isolation" time="0.675" /><testcase classname="backend.tests.backend_test" name="test_patch_user_me" time="0.416" /><testcase classname="backend.tests.backend_test" name="test_upload_avatar" time="0.727" /></testsuite></testsuites>