<?xml version="1.0" encoding="utf-8"?><testsuites name="pytest tests"><testsuite name="pytest" errors="0" failures="0" skipped="0" tests="14" time="4.352" timestamp="2026-05-01T23:46:06.281233+00:00" hostname="agent-env-c5bcb7dd-707d-47eb-9537-9b7d92105587"><testcase classname="backend.tests.backend_test" name="test_root" time="0.161" /><testcase classname="backend.tests.backend_test" name="test_auth_me" time="0.466" /><testcase classname="backend.tests.backend_test" name="test_auth_me_no_token" time="0.180" /><testcase classname="backend.tests.backend_test" name="test_login_invalid" time="0.339" /><testcase classname="backend.tests.backend_test" name="test_register_duplicate" time="0.049" /><testcase classname="backend.tests.backend_test" name="test_create_and_get_card" time="0.246" /><testcase classname="backend.tests.backend_test" name="test_list_cards" time="0.124" /><testcase classname="backend.tests.backend_test" name="test_search_filter" time="0.462" /><testcase classname="backend.tests.backend_test" name="test_update_card" time="0.232" /><testcase classname="backend.tests.backend_test" name="test_stats" time="0.107" /><testcase classname="backend.tests.backend_test" name="test_export_csv" time="0.148" /><testcase classname="backend.tests.backend_test" name="test_user_isolation" time="0.485" /><testcase classname="backend.tests.backend_test" name="test_image_upload_and_serve" time="0.768" /><testcase classname="backend.tests.backend_test" name="test_delete_card" time="0.503" /></testsuite></testsuites>